<?xml version="1.0" encoding="UTF-8"?>
<!-- Generated by org.testng.reporters.JUnitReportReporter -->
<testsuite hostname="QT-INBG-LT0173" failures="0" tests="1" name="testPackage.kudostome_testcase" time="17.454" errors="0" timestamp="2021-03-26T15:41:36 IST" skipped="0">
  <testcase classname="testPackage.kudostome_testcase" name="kudostomenavigationpage" time="17.454"/>
  <system-out/>
</testsuite> <!-- testPackage.kudostome_testcase -->
