<?xml version="1.0" encoding="UTF-8"?>
<!-- Generated by org.testng.reporters.JUnitReportReporter -->
<testsuite hostname="QT-INBG-LT0173" failures="0" tests="1" name="testPackage.Searchkudos_testcases" time="26.308" errors="0" timestamp="2021-03-26T15:41:36 IST" skipped="0">
  <testcase classname="testPackage.Searchkudos_testcases" name="searchkudospage" time="26.308"/>
  <system-out/>
</testsuite> <!-- testPackage.Searchkudos_testcases -->
