<?xml version="1.0" encoding="UTF-8"?>
<!-- Generated by org.testng.reporters.JUnitReportReporter -->
<testsuite hostname="QT-INBG-LT0173" failures="0" tests="1" name="integration.Sendkudostocolleague$Recentcontactstestcase" time="29.886" errors="0" timestamp="2021-03-26T09:29:00 IST" skipped="0">
  <testcase classname="integration.Sendkudostocolleague$Recentcontactstestcase" name="Recentcontactsnavigationpage" time="29.886"/>
  <system-out/>
</testsuite> <!-- integration.Sendkudostocolleague$Recentcontactstestcase -->
