<?xml version="1.0" encoding="UTF-8"?>
<!-- Generated by org.testng.reporters.JUnitReportReporter -->
<testsuite hostname="QT-INBG-LT0173" failures="0" tests="1" name="testPackage.Titletestcase" time="0.000" errors="0" timestamp="2021-03-26T15:41:36 IST" skipped="1">
  <testcase classname="testPackage.Titletestcase" name="basePageNavigation" time="0.000">
    <skipped/>
  </testcase> <!-- basePageNavigation -->
  <system-out/>
</testsuite> <!-- testPackage.Titletestcase -->
