<?xml version="1.0" encoding="UTF-8"?>
<!-- Generated by org.testng.reporters.JUnitReportReporter -->
<testsuite hostname="QT-INBG-LT0173" failures="0" tests="1" name="pageObjects.Colours" time="5.395" errors="0" timestamp="2021-03-23T18:49:34 IST" skipped="0">
  <testcase classname="pageObjects.Colours" name="colours" time="5.395"/>
  <system-out/>
</testsuite> <!-- pageObjects.Colours -->
