<?xml version="1.0" encoding="UTF-8"?>
<!-- Generated by org.testng.reporters.JUnitReportReporter -->
<testsuite hostname="QT-INBG-LT0173" failures="0" tests="1" name="testPackage.Mutiplekudos" time="46.630" errors="0" timestamp="2021-03-26T15:41:36 IST" skipped="0">
  <testcase classname="testPackage.Mutiplekudos" name="open" time="46.630"/>
  <system-out/>
</testsuite> <!-- testPackage.Mutiplekudos -->
