<?xml version="1.0" encoding="UTF-8"?>
<!-- Generated by org.testng.reporters.JUnitReportReporter -->
<testsuite hostname="QT-INBG-LT0173" failures="0" tests="1" name="integration.Sendkudostoit$Sendsinglekudotestcase" time="30.050" errors="0" timestamp="2021-03-26T09:30:16 IST" skipped="0">
  <testcase classname="integration.Sendkudostoit$Sendsinglekudotestcase" name="open" time="30.050"/>
  <system-out/>
</testsuite> <!-- integration.Sendkudostoit$Sendsinglekudotestcase -->
